<?xml version="1.0" encoding="UTF-8"?>
<testng-results ignored="0" total="1" passed="1" failed="0" skipped="0">
  <reporter-output>
  </reporter-output>
  <suite started-at="2023-01-09T16:52:47 IST" name="Suite" finished-at="2023-01-09T16:53:07 IST" duration-ms="19472">
    <groups>
      <group name="cucumber">
        <method signature="AbstractTestNGCucumberTests.runScenario(io.cucumber.testng.PickleWrapper,io.cucumber.testng.FeatureWrapper)[pri:0, instance:testRunner.moTestRunner@3e27ba32]" name="runScenario" class="io.cucumber.testng.AbstractTestNGCucumberTests"/>
      </group> <!-- cucumber -->
    </groups>
    <test started-at="2023-01-09T16:52:47 IST" name="Test" finished-at="2023-01-09T16:53:07 IST" duration-ms="19472">
      <class name="testRunner.moTestRunner">
        <test-method is-config="true" signature="setUpClass(org.testng.ITestContext)[pri:0, instance:testRunner.moTestRunner@3e27ba32]" started-at="2023-01-09T16:52:47 IST" name="setUpClass" finished-at="2023-01-09T16:52:50 IST" duration-ms="2127" status="PASS">
          <params>
            <param index="0">
              <value>
                <![CDATA[org.testng.TestRunner@61191222]]>
              </value>
            </param>
          </params>
          <reporter-output>
          </reporter-output>
        </test-method> <!-- setUpClass -->
        <test-method signature="runScenario(io.cucumber.testng.PickleWrapper,io.cucumber.testng.FeatureWrapper)[pri:0, instance:testRunner.moTestRunner@3e27ba32]" started-at="2023-01-09T16:52:50 IST" name="runScenario" description="Runs Cucumber Scenarios" data-provider="scenarios" finished-at="2023-01-09T16:53:07 IST" duration-ms="17201" status="PASS">
          <params>
            <param index="0">
              <value>
                <![CDATA["Validate that user can not login Successfully with invalid credentials (wrong username, wrong password)"]]>
              </value>
            </param>
            <param index="1">
              <value>
                <![CDATA["GeneralLoginFeature"]]>
              </value>
            </param>
          </params>
          <reporter-output>
          </reporter-output>
        </test-method> <!-- runScenario -->
        <test-method is-config="true" signature="tearDownClass()[pri:0, instance:testRunner.moTestRunner@3e27ba32]" started-at="2023-01-09T16:53:07 IST" name="tearDownClass" finished-at="2023-01-09T16:53:07 IST" duration-ms="71" status="PASS">
          <reporter-output>
          </reporter-output>
        </test-method> <!-- tearDownClass -->
      </class> <!-- testRunner.moTestRunner -->
    </test> <!-- Test -->
  </suite> <!-- Suite -->
</testng-results>
